<?xml version="1.0" encoding="UTF-8"?>
<!-- Generated by org.testng.reporters.JUnitReportReporter -->
<testsuite hostname="LAPTOP-UC8VD6T3" failures="0" tests="1" name="javaPackage.FacebookLogin" time="6.089" errors="0" timestamp="2024-09-14T14:08:07 IST" skipped="0">
  <testcase classname="javaPackage.FacebookLogin" name="login" time="6.089"/>
  <system-out/>
</testsuite> <!-- javaPackage.FacebookLogin -->
